0 info it worked if it ends with ok
1 verbose cli [ '/usr/local/bin/node', '/usr/local/bin/npm', 'run', 'lint' ]
2 info using npm@3.8.6
3 info using node@v6.0.0
4 verbose run-script [ 'prelint', 'lint', 'postlint' ]
5 info lifecycle slide-in-toolbar@1.0.0~prelint: slide-in-toolbar@1.0.0
6 silly lifecycle slide-in-toolbar@1.0.0~prelint: no script for prelint, continuing
7 info lifecycle slide-in-toolbar@1.0.0~lint: slide-in-toolbar@1.0.0
8 verbose lifecycle slide-in-toolbar@1.0.0~lint: unsafe-perm in lifecycle true
9 verbose lifecycle slide-in-toolbar@1.0.0~lint: PATH: /usr/local/lib/node_modules/npm/bin/node-gyp-bin:/Users/shaque/Code/ui/slideInToolbar/node_modules/.bin:/usr/local/bin:/usr/local/mongodb/mongodb-osx-x86_64-3.0.1/bin:/usr/local/bin:/Library/Java/JavaVirtualMachines/jdk1.7.0_67.jdk/Contents/Home/bin:/usr/local/apache-maven/apache-maven-3.2.1/bin:/usr/bin:/bin:/usr/sbin:/sbin:/usr/local/bin:/usr/local/git/bin:/usr/local/mysql/bin
10 verbose lifecycle slide-in-toolbar@1.0.0~lint: CWD: /Users/shaque/Code/ui/slideInToolbar
11 silly lifecycle slide-in-toolbar@1.0.0~lint: Args: [ '-c', 'jshint **.js' ]
12 silly lifecycle slide-in-toolbar@1.0.0~lint: Returned: code: 2  signal: null
13 info lifecycle slide-in-toolbar@1.0.0~lint: Failed to exec lint script
14 verbose stack Error: slide-in-toolbar@1.0.0 lint: `jshint **.js`
14 verbose stack Exit status 2
14 verbose stack     at EventEmitter.<anonymous> (/usr/local/lib/node_modules/npm/lib/utils/lifecycle.js:239:16)
14 verbose stack     at emitTwo (events.js:106:13)
14 verbose stack     at EventEmitter.emit (events.js:191:7)
14 verbose stack     at ChildProcess.<anonymous> (/usr/local/lib/node_modules/npm/lib/utils/spawn.js:24:14)
14 verbose stack     at emitTwo (events.js:106:13)
14 verbose stack     at ChildProcess.emit (events.js:191:7)
14 verbose stack     at maybeClose (internal/child_process.js:850:16)
14 verbose stack     at Process.ChildProcess._handle.onexit (internal/child_process.js:215:5)
15 verbose pkgid slide-in-toolbar@1.0.0
16 verbose cwd /Users/shaque/Code/ui/slideInToolbar
17 error Darwin 13.4.0
18 error argv "/usr/local/bin/node" "/usr/local/bin/npm" "run" "lint"
19 error node v6.0.0
20 error npm  v3.8.6
21 error code ELIFECYCLE
22 error slide-in-toolbar@1.0.0 lint: `jshint **.js`
22 error Exit status 2
23 error Failed at the slide-in-toolbar@1.0.0 lint script 'jshint **.js'.
23 error Make sure you have the latest version of node.js and npm installed.
23 error If you do, this is most likely a problem with the slide-in-toolbar package,
23 error not with npm itself.
23 error Tell the author that this fails on your system:
23 error     jshint **.js
23 error You can get information on how to open an issue for this project with:
23 error     npm bugs slide-in-toolbar
23 error Or if that isn't available, you can get their info via:
23 error     npm owner ls slide-in-toolbar
23 error There is likely additional logging output above.
24 verbose exit [ 1, true ]
